android/Android ASCII 2.2 SDK v1.1.1/Sample Code/Inventory/build/outputs/logs/manifest-merger-debug-report.txt
-- Merging decision tree log ---
manifest
ADDED from Sample Code\Inventory\AndroidManifest.xml:2:1-36:12
	xmlns:android
		ADDED from Sample Code\Inventory\AndroidManifest.xml:2:11-69
	package
		ADDED from Sample Code\Inventory\AndroidManifest.xml:3:5-48
	android:versionName
		ADDED from Sample Code\Inventory\AndroidManifest.xml:5:5-30
	android:versionCode
		ADDED from Sample Code\Inventory\AndroidManifest.xml:4:5-28
		INJECTED from Sample Code\Inventory\AndroidManifest.xml
		INJECTED from Sample Code\Inventory\AndroidManifest.xml
uses-sdk
ADDED from Sample Code\Inventory\AndroidManifest.xml:7:5-9:41
MERGED from [Android ASCII 2.2 SDK v1.1.1:DeviceList:unspecified] AndroidManifest.xml:7:5-9:41
MERGED from [Android ASCII 2.2 SDK v1.1.1:Rfid.AsciiProtocol:unspecified] AndroidManifest.xml:7:5-9:41
MERGED from [com.android.support:support-v4:21.0.0] AndroidManifest.xml:15:5-42
MERGED from [com.android.support:appcompat-v7:21.0.0] AndroidManifest.xml:15:5-42
MERGED from [com.android.support:support-v4:21.0.0] AndroidManifest.xml:15:5-42
	android:targetSdkVersion
		ADDED from Sample Code\Inventory\AndroidManifest.xml:9:9-38
	android:minSdkVersion
		ADDED from Sample Code\Inventory\AndroidManifest.xml:8:9-35
uses-permission#android.permission.BLUETOOTH_ADMIN
ADDED from Sample Code\Inventory\AndroidManifest.xml:11:5-73
MERGED from [Android ASCII 2.2 SDK v1.1.1:Rfid.AsciiProtocol:unspecified] AndroidManifest.xml:12:5-74
	android:name
		ADDED from Sample Code\Inventory\AndroidManifest.xml:11:22-71
uses-permission#android.permission.BLUETOOTH
ADDED from Sample Code\Inventory\AndroidManifest.xml:12:5-67
MERGED from [Android ASCII 2.2 SDK v1.1.1:Rfid.AsciiProtocol:unspecified] AndroidManifest.xml:11:5-68
	android:name
		ADDED from Sample Code\Inventory\AndroidManifest.xml:12:22-65
application
ADDED from Sample Code\Inventory\AndroidManifest.xml:14:5-34:23
MERGED from [Android ASCII 2.2 SDK v1.1.1:DeviceList:unspecified] AndroidManifest.xml:11:5-22:19
MERGED from [Android ASCII 2.2 SDK v1.1.1:Rfid.AsciiProtocol:unspecified] AndroidManifest.xml:14:5-19:19
MERGED from [com.android.support:support-v4:21.0.0] AndroidManifest.xml:16:5-19
MERGED from [com.android.support:appcompat-v7:21.0.0] AndroidManifest.xml:16:5-19
MERGED from [com.android.support:support-v4:21.0.0] AndroidManifest.xml:16:5-19
	android:label
		ADDED from Sample Code\Inventory\AndroidManifest.xml:17:9-41
	android:allowBackup
		ADDED from Sample Code\Inventory\AndroidManifest.xml:15:9-35
	android:icon
		ADDED from Sample Code\Inventory\AndroidManifest.xml:16:9-45
	android:theme
		ADDED from Sample Code\Inventory\AndroidManifest.xml:18:9-40
	android:name
		ADDED from Sample Code\Inventory\AndroidManifest.xml:19:9-69
activity#com.uk.tsl.rfid.samples.inventory.InventoryActivity
ADDED from Sample Code\Inventory\AndroidManifest.xml:20:9-28:20
	android:label
		ADDED from Sample Code\Inventory\AndroidManifest.xml:22:13-45
	android:name
		ADDED from Sample Code\Inventory\AndroidManifest.xml:21:13-79
intent-filter#android.intent.action.MAIN+android.intent.category.LAUNCHER
ADDED from Sample Code\Inventory\AndroidManifest.xml:23:13-27:29
action#android.intent.action.MAIN
ADDED from Sample Code\Inventory\AndroidManifest.xml:24:17-69
	android:name
		ADDED from Sample Code\Inventory\AndroidManifest.xml:24:25-66
category#android.intent.category.LAUNCHER
ADDED from Sample Code\Inventory\AndroidManifest.xml:26:17-77
	android:name
		ADDED from Sample Code\Inventory\AndroidManifest.xml:26:27-74
activity#com.uk.tsl.rfid.DeviceListActivity
ADDED from Sample Code\Inventory\AndroidManifest.xml:29:9-33:20
MERGED from [Android ASCII 2.2 SDK v1.1.1:DeviceList:unspecified] AndroidManifest.xml:16:9-21:59
	android:label
		ADDED from [Android ASCII 2.2 SDK v1.1.1:DeviceList:unspecified] AndroidManifest.xml:20:13-50
	android:icon
		ADDED from [Android ASCII 2.2 SDK v1.1.1:DeviceList:unspecified] AndroidManifest.xml:19:13-49
	android:configChanges
		ADDED from Sample Code\Inventory\AndroidManifest.xml:31:13-63
	android:theme
		ADDED from Sample Code\Inventory\AndroidManifest.xml:32:13-56
	android:name
		ADDED from Sample Code\Inventory\AndroidManifest.xml:30:13-62